2020-01-08 12:55:12
Error: bind EADDRINUSE null:5555
    at listenOnMasterHandle (net.js:1420:16)
    at rr (internal/cluster/child.js:121:12)
    at Worker.send (internal/cluster/child.js:88:7)
    at process.onInternalMessage (internal/cluster/utils.js:42:8)
    at emitTwo (events.js:131:20)
    at process.emit (events.js:214:7)
    at emit (internal/child_process.js:762:12)
    at _combinedTickCallback (internal/process/next_tick.js:142:11)
    at process._tickCallback (internal/process/next_tick.js:181:9)

2020-01-08 12:55:12
Error: bind EADDRINUSE null:7777
    at listenOnMasterHandle (net.js:1420:16)
    at rr (internal/cluster/child.js:121:12)
    at Worker.send (internal/cluster/child.js:88:7)
    at process.onInternalMessage (internal/cluster/utils.js:42:8)
    at emitTwo (events.js:131:20)
    at process.emit (events.js:214:7)
    at emit (internal/child_process.js:762:12)
    at _combinedTickCallback (internal/process/next_tick.js:142:11)
    at process._tickCallback (internal/process/next_tick.js:181:9)

2020-01-08 12:55:12
Error: bind EADDRINUSE null:5555
    at listenOnMasterHandle (net.js:1420:16)
    at rr (internal/cluster/child.js:121:12)
    at Worker.send (internal/cluster/child.js:88:7)
    at process.onInternalMessage (internal/cluster/utils.js:42:8)
    at emitTwo (events.js:131:20)
    at process.emit (events.js:214:7)
    at emit (internal/child_process.js:762:12)
    at _combinedTickCallback (internal/process/next_tick.js:142:11)
    at process._tickCallback (internal/process/next_tick.js:181:9)

2020-01-08 12:55:12
Error: bind EADDRINUSE null:7777
    at listenOnMasterHandle (net.js:1420:16)
    at rr (internal/cluster/child.js:121:12)
    at Worker.send (internal/cluster/child.js:88:7)
    at process.onInternalMessage (internal/cluster/utils.js:42:8)
    at emitTwo (events.js:131:20)
    at process.emit (events.js:214:7)
    at emit (internal/child_process.js:762:12)
    at _combinedTickCallback (internal/process/next_tick.js:142:11)
    at process._tickCallback (internal/process/next_tick.js:181:9)

2020-01-08 12:55:12
Error: bind EADDRINUSE null:5555
    at listenOnMasterHandle (net.js:1420:16)
    at rr (internal/cluster/child.js:121:12)
    at Worker.send (internal/cluster/child.js:88:7)
    at process.onInternalMessage (internal/cluster/utils.js:42:8)
    at emitTwo (events.js:131:20)
    at process.emit (events.js:214:7)
    at emit (internal/child_process.js:762:12)
    at _combinedTickCallback (internal/process/next_tick.js:142:11)
    at process._tickCallback (internal/process/next_tick.js:181:9)

2020-01-08 12:55:12
Error: bind EADDRINUSE null:7777
    at listenOnMasterHandle (net.js:1420:16)
    at rr (internal/cluster/child.js:121:12)
    at Worker.send (internal/cluster/child.js:88:7)
    at process.onInternalMessage (internal/cluster/utils.js:42:8)
    at emitTwo (events.js:131:20)
    at process.emit (events.js:214:7)
    at emit (internal/child_process.js:762:12)
    at _combinedTickCallback (internal/process/next_tick.js:142:11)
    at Immediate._tickCallback [as _onImmediate] (internal/process/next_tick.js:181:9)
    at runCallback (timers.js:810:20)
    at tryOnImmediate (timers.js:768:5)
    at processImmediate [as _immediateCallback] (timers.js:745:5)

2020-01-08 12:55:12
Error: bind EADDRINUSE null:5555
    at listenOnMasterHandle (net.js:1420:16)
    at rr (internal/cluster/child.js:121:12)
    at Worker.send (internal/cluster/child.js:88:7)
    at process.onInternalMessage (internal/cluster/utils.js:42:8)
    at emitTwo (events.js:131:20)
    at process.emit (events.js:214:7)
    at emit (internal/child_process.js:762:12)
    at _combinedTickCallback (internal/process/next_tick.js:142:11)
    at process._tickCallback (internal/process/next_tick.js:181:9)

2020-01-08 12:55:12
Error: bind EADDRINUSE null:7777
    at listenOnMasterHandle (net.js:1420:16)
    at rr (internal/cluster/child.js:121:12)
    at Worker.send (internal/cluster/child.js:88:7)
    at process.onInternalMessage (internal/cluster/utils.js:42:8)
    at emitTwo (events.js:131:20)
    at process.emit (events.js:214:7)
    at emit (internal/child_process.js:762:12)
    at _combinedTickCallback (internal/process/next_tick.js:142:11)
    at Immediate._tickCallback [as _onImmediate] (internal/process/next_tick.js:181:9)
    at runCallback (timers.js:810:20)
    at tryOnImmediate (timers.js:768:5)
    at processImmediate [as _immediateCallback] (timers.js:745:5)

2020-01-08 12:55:12
Error: bind EADDRINUSE null:5555
    at listenOnMasterHandle (net.js:1420:16)
    at rr (internal/cluster/child.js:121:12)
    at Worker.send (internal/cluster/child.js:88:7)
    at process.onInternalMessage (internal/cluster/utils.js:42:8)
    at emitTwo (events.js:131:20)
    at process.emit (events.js:214:7)
    at emit (internal/child_process.js:762:12)
    at _combinedTickCallback (internal/process/next_tick.js:142:11)
    at process._tickCallback (internal/process/next_tick.js:181:9)

2020-01-08 12:55:12
Error: bind EADDRINUSE null:7777
    at listenOnMasterHandle (net.js:1420:16)
    at rr (internal/cluster/child.js:121:12)
    at Worker.send (internal/cluster/child.js:88:7)
    at process.onInternalMessage (internal/cluster/utils.js:42:8)
    at emitTwo (events.js:131:20)
    at process.emit (events.js:214:7)
    at emit (internal/child_process.js:762:12)
    at _combinedTickCallback (internal/process/next_tick.js:142:11)
    at Immediate._tickCallback [as _onImmediate] (internal/process/next_tick.js:181:9)
    at runCallback (timers.js:810:20)
    at tryOnImmediate (timers.js:768:5)
    at processImmediate [as _immediateCallback] (timers.js:745:5)

2020-01-08 12:55:12
Error: bind EADDRINUSE null:5555
    at listenOnMasterHandle (net.js:1420:16)
    at rr (internal/cluster/child.js:121:12)
    at Worker.send (internal/cluster/child.js:88:7)
    at process.onInternalMessage (internal/cluster/utils.js:42:8)
    at emitTwo (events.js:131:20)
    at process.emit (events.js:214:7)
    at emit (internal/child_process.js:762:12)
    at _combinedTickCallback (internal/process/next_tick.js:142:11)
    at process._tickCallback (internal/process/next_tick.js:181:9)

2020-01-08 12:55:12
Error: bind EADDRINUSE null:7777
    at listenOnMasterHandle (net.js:1420:16)
    at rr (internal/cluster/child.js:121:12)
    at Worker.send (internal/cluster/child.js:88:7)
    at process.onInternalMessage (internal/cluster/utils.js:42:8)
    at emitTwo (events.js:131:20)
    at process.emit (events.js:214:7)
    at emit (internal/child_process.js:762:12)
    at _combinedTickCallback (internal/process/next_tick.js:142:11)
    at Immediate._tickCallback [as _onImmediate] (internal/process/next_tick.js:181:9)
    at runCallback (timers.js:810:20)
    at tryOnImmediate (timers.js:768:5)
    at processImmediate [as _immediateCallback] (timers.js:745:5)

2020-01-08 12:55:15
Error: bind EADDRINUSE null:5555
    at listenOnMasterHandle (net.js:1420:16)
    at rr (internal/cluster/child.js:121:12)
    at Worker.send (internal/cluster/child.js:88:7)
    at process.onInternalMessage (internal/cluster/utils.js:42:8)
    at emitTwo (events.js:131:20)
    at process.emit (events.js:214:7)
    at emit (internal/child_process.js:762:12)
    at _combinedTickCallback (internal/process/next_tick.js:142:11)
    at process._tickCallback (internal/process/next_tick.js:181:9)

2020-01-08 12:55:15
Error: bind EADDRINUSE null:7777
    at listenOnMasterHandle (net.js:1420:16)
    at rr (internal/cluster/child.js:121:12)
    at Worker.send (internal/cluster/child.js:88:7)
    at process.onInternalMessage (internal/cluster/utils.js:42:8)
    at emitTwo (events.js:131:20)
    at process.emit (events.js:214:7)
    at emit (internal/child_process.js:762:12)
    at _combinedTickCallback (internal/process/next_tick.js:142:11)
    at Immediate._tickCallback [as _onImmediate] (internal/process/next_tick.js:181:9)
    at runCallback (timers.js:810:20)
    at tryOnImmediate (timers.js:768:5)
    at processImmediate [as _immediateCallback] (timers.js:745:5)

2020-01-08 12:55:15
Error: bind EADDRINUSE null:5555
    at listenOnMasterHandle (net.js:1420:16)
    at rr (internal/cluster/child.js:121:12)
    at Worker.send (internal/cluster/child.js:88:7)
    at process.onInternalMessage (internal/cluster/utils.js:42:8)
    at emitTwo (events.js:131:20)
    at process.emit (events.js:214:7)
    at emit (internal/child_process.js:762:12)
    at _combinedTickCallback (internal/process/next_tick.js:142:11)
    at process._tickCallback (internal/process/next_tick.js:181:9)

2020-01-08 12:55:15
Error: bind EADDRINUSE null:7777
    at listenOnMasterHandle (net.js:1420:16)
    at rr (internal/cluster/child.js:121:12)
    at Worker.send (internal/cluster/child.js:88:7)
    at process.onInternalMessage (internal/cluster/utils.js:42:8)
    at emitTwo (events.js:131:20)
    at process.emit (events.js:214:7)
    at emit (internal/child_process.js:762:12)
    at _combinedTickCallback (internal/process/next_tick.js:142:11)
    at Immediate._tickCallback [as _onImmediate] (internal/process/next_tick.js:181:9)
    at runCallback (timers.js:810:20)
    at tryOnImmediate (timers.js:768:5)
    at processImmediate [as _immediateCallback] (timers.js:745:5)

2020-01-08 12:55:15
Error: bind EADDRINUSE null:5555
    at listenOnMasterHandle (net.js:1420:16)
    at rr (internal/cluster/child.js:121:12)
    at Worker.send (internal/cluster/child.js:88:7)
    at process.onInternalMessage (internal/cluster/utils.js:42:8)
    at emitTwo (events.js:131:20)
    at process.emit (events.js:214:7)
    at emit (internal/child_process.js:762:12)
    at _combinedTickCallback (internal/process/next_tick.js:142:11)
    at process._tickCallback (internal/process/next_tick.js:181:9)

2020-01-08 12:55:15
Error: bind EADDRINUSE null:7777
    at listenOnMasterHandle (net.js:1420:16)
    at rr (internal/cluster/child.js:121:12)
    at Worker.send (internal/cluster/child.js:88:7)
    at process.onInternalMessage (internal/cluster/utils.js:42:8)
    at emitTwo (events.js:131:20)
    at process.emit (events.js:214:7)
    at emit (internal/child_process.js:762:12)
    at _combinedTickCallback (internal/process/next_tick.js:142:11)
    at Immediate._tickCallback [as _onImmediate] (internal/process/next_tick.js:181:9)
    at runCallback (timers.js:810:20)
    at tryOnImmediate (timers.js:768:5)
    at processImmediate [as _immediateCallback] (timers.js:745:5)

2020-01-08 12:55:15
Error: bind EADDRINUSE null:5555
    at listenOnMasterHandle (net.js:1420:16)
    at rr (internal/cluster/child.js:121:12)
    at Worker.send (internal/cluster/child.js:88:7)
    at process.onInternalMessage (internal/cluster/utils.js:42:8)
    at emitTwo (events.js:131:20)
    at process.emit (events.js:214:7)
    at emit (internal/child_process.js:762:12)
    at _combinedTickCallback (internal/process/next_tick.js:142:11)
    at process._tickCallback (internal/process/next_tick.js:181:9)

2020-01-08 12:55:15
Error: bind EADDRINUSE null:7777
    at listenOnMasterHandle (net.js:1420:16)
    at rr (internal/cluster/child.js:121:12)
    at Worker.send (internal/cluster/child.js:88:7)
    at process.onInternalMessage (internal/cluster/utils.js:42:8)
    at emitTwo (events.js:131:20)
    at process.emit (events.js:214:7)
    at emit (internal/child_process.js:762:12)
    at _combinedTickCallback (internal/process/next_tick.js:142:11)
    at Immediate._tickCallback [as _onImmediate] (internal/process/next_tick.js:181:9)
    at runCallback (timers.js:810:20)
    at tryOnImmediate (timers.js:768:5)
    at processImmediate [as _immediateCallback] (timers.js:745:5)

2020-01-08 12:55:15
Error: bind EADDRINUSE null:5555
    at listenOnMasterHandle (net.js:1420:16)
    at rr (internal/cluster/child.js:121:12)
    at Worker.send (internal/cluster/child.js:88:7)
    at process.onInternalMessage (internal/cluster/utils.js:42:8)
    at emitTwo (events.js:131:20)
    at process.emit (events.js:214:7)
    at emit (internal/child_process.js:762:12)
    at _combinedTickCallback (internal/process/next_tick.js:142:11)
    at process._tickCallback (internal/process/next_tick.js:181:9)

2020-01-08 12:55:15
Error: bind EADDRINUSE null:7777
    at listenOnMasterHandle (net.js:1420:16)
    at rr (internal/cluster/child.js:121:12)
    at Worker.send (internal/cluster/child.js:88:7)
    at process.onInternalMessage (internal/cluster/utils.js:42:8)
    at emitTwo (events.js:131:20)
    at process.emit (events.js:214:7)
    at emit (internal/child_process.js:762:12)
    at _combinedTickCallback (internal/process/next_tick.js:142:11)
    at Immediate._tickCallback [as _onImmediate] (internal/process/next_tick.js:181:9)
    at runCallback (timers.js:810:20)
    at tryOnImmediate (timers.js:768:5)
    at processImmediate [as _immediateCallback] (timers.js:745:5)

2020-01-08 12:55:15
Error: bind EADDRINUSE null:5555
    at listenOnMasterHandle (net.js:1420:16)
    at rr (internal/cluster/child.js:121:12)
    at Worker.send (internal/cluster/child.js:88:7)
    at process.onInternalMessage (internal/cluster/utils.js:42:8)
    at emitTwo (events.js:131:20)
    at process.emit (events.js:214:7)
    at emit (internal/child_process.js:762:12)
    at _combinedTickCallback (internal/process/next_tick.js:142:11)
    at process._tickCallback (internal/process/next_tick.js:181:9)

2020-01-08 12:55:15
Error: bind EADDRINUSE null:7777
    at listenOnMasterHandle (net.js:1420:16)
    at rr (internal/cluster/child.js:121:12)
    at Worker.send (internal/cluster/child.js:88:7)
    at process.onInternalMessage (internal/cluster/utils.js:42:8)
    at emitTwo (events.js:131:20)
    at process.emit (events.js:214:7)
    at emit (internal/child_process.js:762:12)
    at _combinedTickCallback (internal/process/next_tick.js:142:11)
    at Immediate._tickCallback [as _onImmediate] (internal/process/next_tick.js:181:9)
    at runCallback (timers.js:810:20)
    at tryOnImmediate (timers.js:768:5)
    at processImmediate [as _immediateCallback] (timers.js:745:5)

2020-01-08 12:55:17
Error: bind EADDRINUSE null:5555
    at listenOnMasterHandle (net.js:1420:16)
    at rr (internal/cluster/child.js:121:12)
    at Worker.send (internal/cluster/child.js:88:7)
    at process.onInternalMessage (internal/cluster/utils.js:42:8)
    at emitTwo (events.js:131:20)
    at process.emit (events.js:214:7)
    at emit (internal/child_process.js:762:12)
    at _combinedTickCallback (internal/process/next_tick.js:142:11)
    at process._tickCallback (internal/process/next_tick.js:181:9)

2020-01-08 12:55:17
Error: bind EADDRINUSE null:7777
    at listenOnMasterHandle (net.js:1420:16)
    at rr (internal/cluster/child.js:121:12)
    at Worker.send (internal/cluster/child.js:88:7)
    at process.onInternalMessage (internal/cluster/utils.js:42:8)
    at emitTwo (events.js:131:20)
    at process.emit (events.js:214:7)
    at emit (internal/child_process.js:762:12)
    at _combinedTickCallback (internal/process/next_tick.js:142:11)
    at Immediate._tickCallback [as _onImmediate] (internal/process/next_tick.js:181:9)
    at runCallback (timers.js:810:20)
    at tryOnImmediate (timers.js:768:5)
    at processImmediate [as _immediateCallback] (timers.js:745:5)

2020-01-08 12:55:17
Error: bind EADDRINUSE null:5555
    at listenOnMasterHandle (net.js:1420:16)
    at rr (internal/cluster/child.js:121:12)
    at Worker.send (internal/cluster/child.js:88:7)
    at process.onInternalMessage (internal/cluster/utils.js:42:8)
    at emitTwo (events.js:131:20)
    at process.emit (events.js:214:7)
    at emit (internal/child_process.js:762:12)
    at _combinedTickCallback (internal/process/next_tick.js:142:11)
    at process._tickCallback (internal/process/next_tick.js:181:9)

2020-01-08 12:55:17
Error: bind EADDRINUSE null:7777
    at listenOnMasterHandle (net.js:1420:16)
    at rr (internal/cluster/child.js:121:12)
    at Worker.send (internal/cluster/child.js:88:7)
    at process.onInternalMessage (internal/cluster/utils.js:42:8)
    at emitTwo (events.js:131:20)
    at process.emit (events.js:214:7)
    at emit (internal/child_process.js:762:12)
    at _combinedTickCallback (internal/process/next_tick.js:142:11)
    at Immediate._tickCallback [as _onImmediate] (internal/process/next_tick.js:181:9)
    at runCallback (timers.js:810:20)
    at tryOnImmediate (timers.js:768:5)
    at processImmediate [as _immediateCallback] (timers.js:745:5)

2020-01-08 12:55:17
Error: bind EADDRINUSE null:5555
    at listenOnMasterHandle (net.js:1420:16)
    at rr (internal/cluster/child.js:121:12)
    at Worker.send (internal/cluster/child.js:88:7)
    at process.onInternalMessage (internal/cluster/utils.js:42:8)
    at emitTwo (events.js:131:20)
    at process.emit (events.js:214:7)
    at emit (internal/child_process.js:762:12)
    at _combinedTickCallback (internal/process/next_tick.js:142:11)
    at process._tickCallback (internal/process/next_tick.js:181:9)

2020-01-08 12:55:17
Error: bind EADDRINUSE null:7777
    at listenOnMasterHandle (net.js:1420:16)
    at rr (internal/cluster/child.js:121:12)
    at Worker.send (internal/cluster/child.js:88:7)
    at process.onInternalMessage (internal/cluster/utils.js:42:8)
    at emitTwo (events.js:131:20)
    at process.emit (events.js:214:7)
    at emit (internal/child_process.js:762:12)
    at _combinedTickCallback (internal/process/next_tick.js:142:11)
    at Immediate._tickCallback [as _onImmediate] (internal/process/next_tick.js:181:9)
    at runCallback (timers.js:810:20)
    at tryOnImmediate (timers.js:768:5)
    at processImmediate [as _immediateCallback] (timers.js:745:5)

2020-01-08 12:55:17
Error: bind EADDRINUSE null:5555
    at listenOnMasterHandle (net.js:1420:16)
    at rr (internal/cluster/child.js:121:12)
    at Worker.send (internal/cluster/child.js:88:7)
    at process.onInternalMessage (internal/cluster/utils.js:42:8)
    at emitTwo (events.js:131:20)
    at process.emit (events.js:214:7)
    at emit (internal/child_process.js:762:12)
    at _combinedTickCallback (internal/process/next_tick.js:142:11)
    at process._tickCallback (internal/process/next_tick.js:181:9)

2020-01-08 12:55:17
Error: bind EADDRINUSE null:7777
    at listenOnMasterHandle (net.js:1420:16)
    at rr (internal/cluster/child.js:121:12)
    at Worker.send (internal/cluster/child.js:88:7)
    at process.onInternalMessage (internal/cluster/utils.js:42:8)
    at emitTwo (events.js:131:20)
    at process.emit (events.js:214:7)
    at emit (internal/child_process.js:762:12)
    at _combinedTickCallback (internal/process/next_tick.js:142:11)
    at Immediate._tickCallback [as _onImmediate] (internal/process/next_tick.js:181:9)
    at runCallback (timers.js:810:20)
    at tryOnImmediate (timers.js:768:5)
    at processImmediate [as _immediateCallback] (timers.js:745:5)

2020-01-08 12:55:17
Error: bind EADDRINUSE null:5555
    at listenOnMasterHandle (net.js:1420:16)
    at rr (internal/cluster/child.js:121:12)
    at Worker.send (internal/cluster/child.js:88:7)
    at process.onInternalMessage (internal/cluster/utils.js:42:8)
    at emitTwo (events.js:131:20)
    at process.emit (events.js:214:7)
    at emit (internal/child_process.js:762:12)
    at _combinedTickCallback (internal/process/next_tick.js:142:11)
    at process._tickCallback (internal/process/next_tick.js:181:9)

2020-01-08 12:55:17
Error: bind EADDRINUSE null:7777
    at listenOnMasterHandle (net.js:1420:16)
    at rr (internal/cluster/child.js:121:12)
    at Worker.send (internal/cluster/child.js:88:7)
    at process.onInternalMessage (internal/cluster/utils.js:42:8)
    at emitTwo (events.js:131:20)
    at process.emit (events.js:214:7)
    at emit (internal/child_process.js:762:12)
    at _combinedTickCallback (internal/process/next_tick.js:142:11)
    at Immediate._tickCallback [as _onImmediate] (internal/process/next_tick.js:181:9)
    at runCallback (timers.js:810:20)
    at tryOnImmediate (timers.js:768:5)
    at processImmediate [as _immediateCallback] (timers.js:745:5)

2020-01-08 12:55:17
Error: bind EADDRINUSE null:5555
    at listenOnMasterHandle (net.js:1420:16)
    at rr (internal/cluster/child.js:121:12)
    at Worker.send (internal/cluster/child.js:88:7)
    at process.onInternalMessage (internal/cluster/utils.js:42:8)
    at emitTwo (events.js:131:20)
    at process.emit (events.js:214:7)
    at emit (internal/child_process.js:762:12)
    at _combinedTickCallback (internal/process/next_tick.js:142:11)
    at process._tickCallback (internal/process/next_tick.js:181:9)

2020-01-08 12:55:17
Error: bind EADDRINUSE null:7777
    at listenOnMasterHandle (net.js:1420:16)
    at rr (internal/cluster/child.js:121:12)
    at Worker.send (internal/cluster/child.js:88:7)
    at process.onInternalMessage (internal/cluster/utils.js:42:8)
    at emitTwo (events.js:131:20)
    at process.emit (events.js:214:7)
    at emit (internal/child_process.js:762:12)
    at _combinedTickCallback (internal/process/next_tick.js:142:11)
    at Immediate._tickCallback [as _onImmediate] (internal/process/next_tick.js:181:9)
    at runCallback (timers.js:810:20)
    at tryOnImmediate (timers.js:768:5)
    at processImmediate [as _immediateCallback] (timers.js:745:5)

2020-01-08 12:55:20
Error: bind EADDRINUSE null:5555
    at listenOnMasterHandle (net.js:1420:16)
    at rr (internal/cluster/child.js:121:12)
    at Worker.send (internal/cluster/child.js:88:7)
    at process.onInternalMessage (internal/cluster/utils.js:42:8)
    at emitTwo (events.js:131:20)
    at process.emit (events.js:214:7)
    at emit (internal/child_process.js:762:12)
    at _combinedTickCallback (internal/process/next_tick.js:142:11)
    at process._tickCallback (internal/process/next_tick.js:181:9)

2020-01-08 12:55:20
Error: bind EADDRINUSE null:7777
    at listenOnMasterHandle (net.js:1420:16)
    at rr (internal/cluster/child.js:121:12)
    at Worker.send (internal/cluster/child.js:88:7)
    at process.onInternalMessage (internal/cluster/utils.js:42:8)
    at emitTwo (events.js:131:20)
    at process.emit (events.js:214:7)
    at emit (internal/child_process.js:762:12)
    at _combinedTickCallback (internal/process/next_tick.js:142:11)
    at Immediate._tickCallback [as _onImmediate] (internal/process/next_tick.js:181:9)
    at runCallback (timers.js:810:20)
    at tryOnImmediate (timers.js:768:5)
    at processImmediate [as _immediateCallback] (timers.js:745:5)

2020-01-08 12:55:20
Error: bind EADDRINUSE null:5555
    at listenOnMasterHandle (net.js:1420:16)
    at rr (internal/cluster/child.js:121:12)
    at Worker.send (internal/cluster/child.js:88:7)
    at process.onInternalMessage (internal/cluster/utils.js:42:8)
    at emitTwo (events.js:131:20)
    at process.emit (events.js:214:7)
    at emit (internal/child_process.js:762:12)
    at _combinedTickCallback (internal/process/next_tick.js:142:11)
    at process._tickCallback (internal/process/next_tick.js:181:9)

2020-01-08 12:55:20
Error: bind EADDRINUSE null:7777
    at listenOnMasterHandle (net.js:1420:16)
    at rr (internal/cluster/child.js:121:12)
    at Worker.send (internal/cluster/child.js:88:7)
    at process.onInternalMessage (internal/cluster/utils.js:42:8)
    at emitTwo (events.js:131:20)
    at process.emit (events.js:214:7)
    at emit (internal/child_process.js:762:12)
    at _combinedTickCallback (internal/process/next_tick.js:142:11)
    at Immediate._tickCallback [as _onImmediate] (internal/process/next_tick.js:181:9)
    at runCallback (timers.js:810:20)
    at tryOnImmediate (timers.js:768:5)
    at processImmediate [as _immediateCallback] (timers.js:745:5)

2020-01-08 12:55:20
Error: bind EADDRINUSE null:5555
    at listenOnMasterHandle (net.js:1420:16)
    at rr (internal/cluster/child.js:121:12)
    at Worker.send (internal/cluster/child.js:88:7)
    at process.onInternalMessage (internal/cluster/utils.js:42:8)
    at emitTwo (events.js:131:20)
    at process.emit (events.js:214:7)
    at emit (internal/child_process.js:762:12)
    at _combinedTickCallback (internal/process/next_tick.js:142:11)
    at process._tickCallback (internal/process/next_tick.js:181:9)

2020-01-08 12:55:20
Error: bind EADDRINUSE null:7777
    at listenOnMasterHandle (net.js:1420:16)
    at rr (internal/cluster/child.js:121:12)
    at Worker.send (internal/cluster/child.js:88:7)
    at process.onInternalMessage (internal/cluster/utils.js:42:8)
    at emitTwo (events.js:131:20)
    at process.emit (events.js:214:7)
    at emit (internal/child_process.js:762:12)
    at _combinedTickCallback (internal/process/next_tick.js:142:11)
    at Immediate._tickCallback [as _onImmediate] (internal/process/next_tick.js:181:9)
    at runCallback (timers.js:810:20)
    at tryOnImmediate (timers.js:768:5)
    at processImmediate [as _immediateCallback] (timers.js:745:5)

2020-01-08 12:55:20
Error: bind EADDRINUSE null:5555
    at listenOnMasterHandle (net.js:1420:16)
    at rr (internal/cluster/child.js:121:12)
    at Worker.send (internal/cluster/child.js:88:7)
    at process.onInternalMessage (internal/cluster/utils.js:42:8)
    at emitTwo (events.js:131:20)
    at process.emit (events.js:214:7)
    at emit (internal/child_process.js:762:12)
    at _combinedTickCallback (internal/process/next_tick.js:142:11)
    at process._tickCallback (internal/process/next_tick.js:181:9)

2020-01-08 12:55:20
Error: bind EADDRINUSE null:7777
    at listenOnMasterHandle (net.js:1420:16)
    at rr (internal/cluster/child.js:121:12)
    at Worker.send (internal/cluster/child.js:88:7)
    at process.onInternalMessage (internal/cluster/utils.js:42:8)
    at emitTwo (events.js:131:20)
    at process.emit (events.js:214:7)
    at emit (internal/child_process.js:762:12)
    at _combinedTickCallback (internal/process/next_tick.js:142:11)
    at Immediate._tickCallback [as _onImmediate] (internal/process/next_tick.js:181:9)
    at runCallback (timers.js:810:20)
    at tryOnImmediate (timers.js:768:5)
    at processImmediate [as _immediateCallback] (timers.js:745:5)

2020-01-08 12:55:20
Error: bind EADDRINUSE null:5555
    at listenOnMasterHandle (net.js:1420:16)
    at rr (internal/cluster/child.js:121:12)
    at Worker.send (internal/cluster/child.js:88:7)
    at process.onInternalMessage (internal/cluster/utils.js:42:8)
    at emitTwo (events.js:131:20)
    at process.emit (events.js:214:7)
    at emit (internal/child_process.js:762:12)
    at _combinedTickCallback (internal/process/next_tick.js:142:11)
    at process._tickCallback (internal/process/next_tick.js:181:9)

2020-01-08 12:55:20
Error: bind EADDRINUSE null:7777
    at listenOnMasterHandle (net.js:1420:16)
    at rr (internal/cluster/child.js:121:12)
    at Worker.send (internal/cluster/child.js:88:7)
    at process.onInternalMessage (internal/cluster/utils.js:42:8)
    at emitTwo (events.js:131:20)
    at process.emit (events.js:214:7)
    at emit (internal/child_process.js:762:12)
    at _combinedTickCallback (internal/process/next_tick.js:142:11)
    at Immediate._tickCallback [as _onImmediate] (internal/process/next_tick.js:181:9)
    at runCallback (timers.js:810:20)
    at tryOnImmediate (timers.js:768:5)
    at processImmediate [as _immediateCallback] (timers.js:745:5)

2020-01-08 12:55:20
Error: bind EADDRINUSE null:5555
    at listenOnMasterHandle (net.js:1420:16)
    at rr (internal/cluster/child.js:121:12)
    at Worker.send (internal/cluster/child.js:88:7)
    at process.onInternalMessage (internal/cluster/utils.js:42:8)
    at emitTwo (events.js:131:20)
    at process.emit (events.js:214:7)
    at emit (internal/child_process.js:762:12)
    at _combinedTickCallback (internal/process/next_tick.js:142:11)
    at process._tickCallback (internal/process/next_tick.js:181:9)

2020-01-08 12:55:20
Error: bind EADDRINUSE null:7777
    at listenOnMasterHandle (net.js:1420:16)
    at rr (internal/cluster/child.js:121:12)
    at Worker.send (internal/cluster/child.js:88:7)
    at process.onInternalMessage (internal/cluster/utils.js:42:8)
    at emitTwo (events.js:131:20)
    at process.emit (events.js:214:7)
    at emit (internal/child_process.js:762:12)
    at _combinedTickCallback (internal/process/next_tick.js:142:11)
    at Immediate._tickCallback [as _onImmediate] (internal/process/next_tick.js:181:9)
    at runCallback (timers.js:810:20)
    at tryOnImmediate (timers.js:768:5)
    at processImmediate [as _immediateCallback] (timers.js:745:5)

2020-01-08 12:55:22
Error: bind EADDRINUSE null:5555
    at listenOnMasterHandle (net.js:1420:16)
    at rr (internal/cluster/child.js:121:12)
    at Worker.send (internal/cluster/child.js:88:7)
    at process.onInternalMessage (internal/cluster/utils.js:42:8)
    at emitTwo (events.js:131:20)
    at process.emit (events.js:214:7)
    at emit (internal/child_process.js:762:12)
    at _combinedTickCallback (internal/process/next_tick.js:142:11)
    at process._tickCallback (internal/process/next_tick.js:181:9)

2020-01-08 12:55:22
Error: bind EADDRINUSE null:7777
    at listenOnMasterHandle (net.js:1420:16)
    at rr (internal/cluster/child.js:121:12)
    at Worker.send (internal/cluster/child.js:88:7)
    at process.onInternalMessage (internal/cluster/utils.js:42:8)
    at emitTwo (events.js:131:20)
    at process.emit (events.js:214:7)
    at emit (internal/child_process.js:762:12)
    at _combinedTickCallback (internal/process/next_tick.js:142:11)
    at Immediate._tickCallback [as _onImmediate] (internal/process/next_tick.js:181:9)
    at runCallback (timers.js:810:20)
    at tryOnImmediate (timers.js:768:5)
    at processImmediate [as _immediateCallback] (timers.js:745:5)

2020-01-08 12:55:22
Error: bind EADDRINUSE null:5555
    at listenOnMasterHandle (net.js:1420:16)
    at rr (internal/cluster/child.js:121:12)
    at Worker.send (internal/cluster/child.js:88:7)
    at process.onInternalMessage (internal/cluster/utils.js:42:8)
    at emitTwo (events.js:131:20)
    at process.emit (events.js:214:7)
    at emit (internal/child_process.js:762:12)
    at _combinedTickCallback (internal/process/next_tick.js:142:11)
    at process._tickCallback (internal/process/next_tick.js:181:9)

2020-01-08 12:55:22
Error: bind EADDRINUSE null:7777
    at listenOnMasterHandle (net.js:1420:16)
    at rr (internal/cluster/child.js:121:12)
    at Worker.send (internal/cluster/child.js:88:7)
    at process.onInternalMessage (internal/cluster/utils.js:42:8)
    at emitTwo (events.js:131:20)
    at process.emit (events.js:214:7)
    at emit (internal/child_process.js:762:12)
    at _combinedTickCallback (internal/process/next_tick.js:142:11)
    at Immediate._tickCallback [as _onImmediate] (internal/process/next_tick.js:181:9)
    at runCallback (timers.js:810:20)
    at tryOnImmediate (timers.js:768:5)
    at processImmediate [as _immediateCallback] (timers.js:745:5)

2020-01-08 12:55:22
Error: bind EADDRINUSE null:5555
    at listenOnMasterHandle (net.js:1420:16)
    at rr (internal/cluster/child.js:121:12)
    at Worker.send (internal/cluster/child.js:88:7)
    at process.onInternalMessage (internal/cluster/utils.js:42:8)
    at emitTwo (events.js:131:20)
    at process.emit (events.js:214:7)
    at emit (internal/child_process.js:762:12)
    at _combinedTickCallback (internal/process/next_tick.js:142:11)
    at process._tickCallback (internal/process/next_tick.js:181:9)

2020-01-08 12:55:22
Error: bind EADDRINUSE null:7777
    at listenOnMasterHandle (net.js:1420:16)
    at rr (internal/cluster/child.js:121:12)
    at Worker.send (internal/cluster/child.js:88:7)
    at process.onInternalMessage (internal/cluster/utils.js:42:8)
    at emitTwo (events.js:131:20)
    at process.emit (events.js:214:7)
    at emit (internal/child_process.js:762:12)
    at _combinedTickCallback (internal/process/next_tick.js:142:11)
    at Immediate._tickCallback [as _onImmediate] (internal/process/next_tick.js:181:9)
    at runCallback (timers.js:810:20)
    at tryOnImmediate (timers.js:768:5)
    at processImmediate [as _immediateCallback] (timers.js:745:5)

2020-01-08 12:55:22
Error: bind EADDRINUSE null:5555
    at listenOnMasterHandle (net.js:1420:16)
    at rr (internal/cluster/child.js:121:12)
    at Worker.send (internal/cluster/child.js:88:7)
    at process.onInternalMessage (internal/cluster/utils.js:42:8)
    at emitTwo (events.js:131:20)
    at process.emit (events.js:214:7)
    at emit (internal/child_process.js:762:12)
    at _combinedTickCallback (internal/process/next_tick.js:142:11)
    at process._tickCallback (internal/process/next_tick.js:181:9)

2020-01-08 12:55:22
Error: bind EADDRINUSE null:7777
    at listenOnMasterHandle (net.js:1420:16)
    at rr (internal/cluster/child.js:121:12)
    at Worker.send (internal/cluster/child.js:88:7)
    at process.onInternalMessage (internal/cluster/utils.js:42:8)
    at emitTwo (events.js:131:20)
    at process.emit (events.js:214:7)
    at emit (internal/child_process.js:762:12)
    at _combinedTickCallback (internal/process/next_tick.js:142:11)
    at Immediate._tickCallback [as _onImmediate] (internal/process/next_tick.js:181:9)
    at runCallback (timers.js:810:20)
    at tryOnImmediate (timers.js:768:5)
    at processImmediate [as _immediateCallback] (timers.js:745:5)

2020-01-08 12:55:22
Error: bind EADDRINUSE null:5555
    at listenOnMasterHandle (net.js:1420:16)
    at rr (internal/cluster/child.js:121:12)
    at Worker.send (internal/cluster/child.js:88:7)
    at process.onInternalMessage (internal/cluster/utils.js:42:8)
    at emitTwo (events.js:131:20)
    at process.emit (events.js:214:7)
    at emit (internal/child_process.js:762:12)
    at _combinedTickCallback (internal/process/next_tick.js:142:11)
    at process._tickCallback (internal/process/next_tick.js:181:9)

2020-01-08 12:55:22
Error: bind EADDRINUSE null:7777
    at listenOnMasterHandle (net.js:1420:16)
    at rr (internal/cluster/child.js:121:12)
    at Worker.send (internal/cluster/child.js:88:7)
    at process.onInternalMessage (internal/cluster/utils.js:42:8)
    at emitTwo (events.js:131:20)
    at process.emit (events.js:214:7)
    at emit (internal/child_process.js:762:12)
    at _combinedTickCallback (internal/process/next_tick.js:142:11)
    at Immediate._tickCallback [as _onImmediate] (internal/process/next_tick.js:181:9)
    at runCallback (timers.js:810:20)
    at tryOnImmediate (timers.js:768:5)
    at processImmediate [as _immediateCallback] (timers.js:745:5)

2020-01-08 12:55:22
Error: bind EADDRINUSE null:5555
    at listenOnMasterHandle (net.js:1420:16)
    at rr (internal/cluster/child.js:121:12)
    at Worker.send (internal/cluster/child.js:88:7)
    at process.onInternalMessage (internal/cluster/utils.js:42:8)
    at emitTwo (events.js:131:20)
    at process.emit (events.js:214:7)
    at emit (internal/child_process.js:762:12)
    at _combinedTickCallback (internal/process/next_tick.js:142:11)
    at process._tickCallback (internal/process/next_tick.js:181:9)

2020-01-08 12:55:22
Error: bind EADDRINUSE null:7777
    at listenOnMasterHandle (net.js:1420:16)
    at rr (internal/cluster/child.js:121:12)
    at Worker.send (internal/cluster/child.js:88:7)
    at process.onInternalMessage (internal/cluster/utils.js:42:8)
    at emitTwo (events.js:131:20)
    at process.emit (events.js:214:7)
    at emit (internal/child_process.js:762:12)
    at _combinedTickCallback (internal/process/next_tick.js:142:11)
    at Immediate._tickCallback [as _onImmediate] (internal/process/next_tick.js:181:9)
    at runCallback (timers.js:810:20)
    at tryOnImmediate (timers.js:768:5)
    at processImmediate [as _immediateCallback] (timers.js:745:5)

2020-01-08 12:55:25
Error: bind EADDRINUSE null:5555
    at listenOnMasterHandle (net.js:1420:16)
    at rr (internal/cluster/child.js:121:12)
    at Worker.send (internal/cluster/child.js:88:7)
    at process.onInternalMessage (internal/cluster/utils.js:42:8)
    at emitTwo (events.js:131:20)
    at process.emit (events.js:214:7)
    at emit (internal/child_process.js:762:12)
    at _combinedTickCallback (internal/process/next_tick.js:142:11)
    at process._tickCallback (internal/process/next_tick.js:181:9)

2020-01-08 12:55:25
Error: bind EADDRINUSE null:7777
    at listenOnMasterHandle (net.js:1420:16)
    at rr (internal/cluster/child.js:121:12)
    at Worker.send (internal/cluster/child.js:88:7)
    at process.onInternalMessage (internal/cluster/utils.js:42:8)
    at emitTwo (events.js:131:20)
    at process.emit (events.js:214:7)
    at emit (internal/child_process.js:762:12)
    at _combinedTickCallback (internal/process/next_tick.js:142:11)
    at Immediate._tickCallback [as _onImmediate] (internal/process/next_tick.js:181:9)
    at runCallback (timers.js:810:20)
    at tryOnImmediate (timers.js:768:5)
    at processImmediate [as _immediateCallback] (timers.js:745:5)

2020-01-08 12:55:25
Error: bind EADDRINUSE null:5555
    at listenOnMasterHandle (net.js:1420:16)
    at rr (internal/cluster/child.js:121:12)
    at Worker.send (internal/cluster/child.js:88:7)
    at process.onInternalMessage (internal/cluster/utils.js:42:8)
    at emitTwo (events.js:131:20)
    at process.emit (events.js:214:7)
    at emit (internal/child_process.js:762:12)
    at _combinedTickCallback (internal/process/next_tick.js:142:11)
    at process._tickCallback (internal/process/next_tick.js:181:9)

2020-01-08 12:55:25
Error: bind EADDRINUSE null:7777
    at listenOnMasterHandle (net.js:1420:16)
    at rr (internal/cluster/child.js:121:12)
    at Worker.send (internal/cluster/child.js:88:7)
    at process.onInternalMessage (internal/cluster/utils.js:42:8)
    at emitTwo (events.js:131:20)
    at process.emit (events.js:214:7)
    at emit (internal/child_process.js:762:12)
    at _combinedTickCallback (internal/process/next_tick.js:142:11)
    at Immediate._tickCallback [as _onImmediate] (internal/process/next_tick.js:181:9)
    at runCallback (timers.js:810:20)
    at tryOnImmediate (timers.js:768:5)
    at processImmediate [as _immediateCallback] (timers.js:745:5)

2020-01-08 12:55:25
Error: bind EADDRINUSE null:5555
    at listenOnMasterHandle (net.js:1420:16)
    at rr (internal/cluster/child.js:121:12)
    at Worker.send (internal/cluster/child.js:88:7)
    at process.onInternalMessage (internal/cluster/utils.js:42:8)
    at emitTwo (events.js:131:20)
    at process.emit (events.js:214:7)
    at emit (internal/child_process.js:762:12)
    at _combinedTickCallback (internal/process/next_tick.js:142:11)
    at process._tickCallback (internal/process/next_tick.js:181:9)

2020-01-08 12:55:25
Error: bind EADDRINUSE null:7777
    at listenOnMasterHandle (net.js:1420:16)
    at rr (internal/cluster/child.js:121:12)
    at Worker.send (internal/cluster/child.js:88:7)
    at process.onInternalMessage (internal/cluster/utils.js:42:8)
    at emitTwo (events.js:131:20)
    at process.emit (events.js:214:7)
    at emit (internal/child_process.js:762:12)
    at _combinedTickCallback (internal/process/next_tick.js:142:11)
    at Immediate._tickCallback [as _onImmediate] (internal/process/next_tick.js:181:9)
    at runCallback (timers.js:810:20)
    at tryOnImmediate (timers.js:768:5)
    at processImmediate [as _immediateCallback] (timers.js:745:5)

2020-01-08 12:55:25
Error: bind EADDRINUSE null:5555
    at listenOnMasterHandle (net.js:1420:16)
    at rr (internal/cluster/child.js:121:12)
    at Worker.send (internal/cluster/child.js:88:7)
    at process.onInternalMessage (internal/cluster/utils.js:42:8)
    at emitTwo (events.js:131:20)
    at process.emit (events.js:214:7)
    at emit (internal/child_process.js:762:12)
    at _combinedTickCallback (internal/process/next_tick.js:142:11)
    at process._tickCallback (internal/process/next_tick.js:181:9)

2020-01-08 12:55:25
Error: bind EADDRINUSE null:7777
    at listenOnMasterHandle (net.js:1420:16)
    at rr (internal/cluster/child.js:121:12)
    at Worker.send (internal/cluster/child.js:88:7)
    at process.onInternalMessage (internal/cluster/utils.js:42:8)
    at emitTwo (events.js:131:20)
    at process.emit (events.js:214:7)
    at emit (internal/child_process.js:762:12)
    at _combinedTickCallback (internal/process/next_tick.js:142:11)
    at Immediate._tickCallback [as _onImmediate] (internal/process/next_tick.js:181:9)
    at runCallback (timers.js:810:20)
    at tryOnImmediate (timers.js:768:5)
    at processImmediate [as _immediateCallback] (timers.js:745:5)

2020-01-08 12:55:25
Error: bind EADDRINUSE null:5555
    at listenOnMasterHandle (net.js:1420:16)
    at rr (internal/cluster/child.js:121:12)
    at Worker.send (internal/cluster/child.js:88:7)
    at process.onInternalMessage (internal/cluster/utils.js:42:8)
    at emitTwo (events.js:131:20)
    at process.emit (events.js:214:7)
    at emit (internal/child_process.js:762:12)
    at _combinedTickCallback (internal/process/next_tick.js:142:11)
    at process._tickCallback (internal/process/next_tick.js:181:9)

2020-01-08 12:55:25
Error: bind EADDRINUSE null:7777
    at listenOnMasterHandle (net.js:1420:16)
    at rr (internal/cluster/child.js:121:12)
    at Worker.send (internal/cluster/child.js:88:7)
    at process.onInternalMessage (internal/cluster/utils.js:42:8)
    at emitTwo (events.js:131:20)
    at process.emit (events.js:214:7)
    at emit (internal/child_process.js:762:12)
    at _combinedTickCallback (internal/process/next_tick.js:142:11)
    at Immediate._tickCallback [as _onImmediate] (internal/process/next_tick.js:181:9)
    at runCallback (timers.js:810:20)
    at tryOnImmediate (timers.js:768:5)
    at processImmediate [as _immediateCallback] (timers.js:745:5)

2020-01-08 12:55:25
Error: bind EADDRINUSE null:5555
    at listenOnMasterHandle (net.js:1420:16)
    at rr (internal/cluster/child.js:121:12)
    at Worker.send (internal/cluster/child.js:88:7)
    at process.onInternalMessage (internal/cluster/utils.js:42:8)
    at emitTwo (events.js:131:20)
    at process.emit (events.js:214:7)
    at emit (internal/child_process.js:762:12)
    at _combinedTickCallback (internal/process/next_tick.js:142:11)
    at process._tickCallback (internal/process/next_tick.js:181:9)

2020-01-08 12:55:25
Error: bind EADDRINUSE null:7777
    at listenOnMasterHandle (net.js:1420:16)
    at rr (internal/cluster/child.js:121:12)
    at Worker.send (internal/cluster/child.js:88:7)
    at process.onInternalMessage (internal/cluster/utils.js:42:8)
    at emitTwo (events.js:131:20)
    at process.emit (events.js:214:7)
    at emit (internal/child_process.js:762:12)
    at _combinedTickCallback (internal/process/next_tick.js:142:11)
    at Immediate._tickCallback [as _onImmediate] (internal/process/next_tick.js:181:9)
    at runCallback (timers.js:810:20)
    at tryOnImmediate (timers.js:768:5)
    at processImmediate [as _immediateCallback] (timers.js:745:5)

