2019-10-27 03:18:39
Error: Cannot find module 'multi-hashing'
    at Function.Module._resolveFilename (module.js:548:15)
    at Function.Module._load (module.js:475:25)
    at Module.require (module.js:597:17)
    at require (internal/module.js:11:18)
    at Object.<anonymous> (/home/alby/muscle-pool/lib/pool.js:22:17)
    at Module._compile (module.js:653:30)
    at Object.Module._extensions..js (module.js:664:10)
    at Module.load (module.js:566:32)
    at tryModuleLoad (module.js:506:12)
    at Function.Module._load (module.js:498:3)
    at Module.require (module.js:597:17)
    at require (internal/module.js:11:18)
    at Object.<anonymous> (/home/alby/muscle-pool/init.js:29:13)
    at Module._compile (module.js:653:30)
    at Object.Module._extensions..js (module.js:664:10)
    at Module.load (module.js:566:32)
    at tryModuleLoad (module.js:506:12)
    at Function.Module._load (module.js:498:3)
    at Function.Module.runMain (module.js:694:10)
    at startup (bootstrap_node.js:204:16)
    at bootstrap_node.js:625:3

2019-10-27 03:18:39
Error: Cannot find module 'multi-hashing'
    at Function.Module._resolveFilename (module.js:548:15)
    at Function.Module._load (module.js:475:25)
    at Module.require (module.js:597:17)
    at require (internal/module.js:11:18)
    at Object.<anonymous> (/home/alby/muscle-pool/lib/pool.js:22:17)
    at Module._compile (module.js:653:30)
    at Object.Module._extensions..js (module.js:664:10)
    at Module.load (module.js:566:32)
    at tryModuleLoad (module.js:506:12)
    at Function.Module._load (module.js:498:3)
    at Module.require (module.js:597:17)
    at require (internal/module.js:11:18)
    at Object.<anonymous> (/home/alby/muscle-pool/init.js:29:13)
    at Module._compile (module.js:653:30)
    at Object.Module._extensions..js (module.js:664:10)
    at Module.load (module.js:566:32)
    at tryModuleLoad (module.js:506:12)
    at Function.Module._load (module.js:498:3)
    at Function.Module.runMain (module.js:694:10)
    at startup (bootstrap_node.js:204:16)
    at bootstrap_node.js:625:3

2019-10-27 03:18:39
Error: Cannot find module 'multi-hashing'
    at Function.Module._resolveFilename (module.js:548:15)
    at Function.Module._load (module.js:475:25)
    at Module.require (module.js:597:17)
    at require (internal/module.js:11:18)
    at Object.<anonymous> (/home/alby/muscle-pool/lib/pool.js:22:17)
    at Module._compile (module.js:653:30)
    at Object.Module._extensions..js (module.js:664:10)
    at Module.load (module.js:566:32)
    at tryModuleLoad (module.js:506:12)
    at Function.Module._load (module.js:498:3)
    at Module.require (module.js:597:17)
    at require (internal/module.js:11:18)
    at Object.<anonymous> (/home/alby/muscle-pool/init.js:29:13)
    at Module._compile (module.js:653:30)
    at Object.Module._extensions..js (module.js:664:10)
    at Module.load (module.js:566:32)
    at tryModuleLoad (module.js:506:12)
    at Function.Module._load (module.js:498:3)
    at Function.Module.runMain (module.js:694:10)
    at startup (bootstrap_node.js:204:16)
    at bootstrap_node.js:625:3

2019-10-27 03:18:39
Error: Cannot find module 'multi-hashing'
    at Function.Module._resolveFilename (module.js:548:15)
    at Function.Module._load (module.js:475:25)
    at Module.require (module.js:597:17)
    at require (internal/module.js:11:18)
    at Object.<anonymous> (/home/alby/muscle-pool/lib/pool.js:22:17)
    at Module._compile (module.js:653:30)
    at Object.Module._extensions..js (module.js:664:10)
    at Module.load (module.js:566:32)
    at tryModuleLoad (module.js:506:12)
    at Function.Module._load (module.js:498:3)
    at Module.require (module.js:597:17)
    at require (internal/module.js:11:18)
    at Object.<anonymous> (/home/alby/muscle-pool/init.js:29:13)
    at Module._compile (module.js:653:30)
    at Object.Module._extensions..js (module.js:664:10)
    at Module.load (module.js:566:32)
    at tryModuleLoad (module.js:506:12)
    at Function.Module._load (module.js:498:3)
    at Function.Module.runMain (module.js:694:10)
    at startup (bootstrap_node.js:204:16)
    at bootstrap_node.js:625:3

2019-10-27 03:18:39
Error: Cannot find module 'multi-hashing'
    at Function.Module._resolveFilename (module.js:548:15)
    at Function.Module._load (module.js:475:25)
    at Module.require (module.js:597:17)
    at require (internal/module.js:11:18)
    at Object.<anonymous> (/home/alby/muscle-pool/lib/pool.js:22:17)
    at Module._compile (module.js:653:30)
    at Object.Module._extensions..js (module.js:664:10)
    at Module.load (module.js:566:32)
    at tryModuleLoad (module.js:506:12)
    at Function.Module._load (module.js:498:3)
    at Module.require (module.js:597:17)
    at require (internal/module.js:11:18)
    at Object.<anonymous> (/home/alby/muscle-pool/init.js:29:13)
    at Module._compile (module.js:653:30)
    at Object.Module._extensions..js (module.js:664:10)
    at Module.load (module.js:566:32)
    at tryModuleLoad (module.js:506:12)
    at Function.Module._load (module.js:498:3)
    at Function.Module.runMain (module.js:694:10)
    at startup (bootstrap_node.js:204:16)
    at bootstrap_node.js:625:3

2019-10-27 03:18:39
Error: Cannot find module 'multi-hashing'
    at Function.Module._resolveFilename (module.js:548:15)
    at Function.Module._load (module.js:475:25)
    at Module.require (module.js:597:17)
    at require (internal/module.js:11:18)
    at Object.<anonymous> (/home/alby/muscle-pool/lib/pool.js:22:17)
    at Module._compile (module.js:653:30)
    at Object.Module._extensions..js (module.js:664:10)
    at Module.load (module.js:566:32)
    at tryModuleLoad (module.js:506:12)
    at Function.Module._load (module.js:498:3)
    at Module.require (module.js:597:17)
    at require (internal/module.js:11:18)
    at Object.<anonymous> (/home/alby/muscle-pool/init.js:29:13)
    at Module._compile (module.js:653:30)
    at Object.Module._extensions..js (module.js:664:10)
    at Module.load (module.js:566:32)
    at tryModuleLoad (module.js:506:12)
    at Function.Module._load (module.js:498:3)
    at Function.Module.runMain (module.js:694:10)
    at startup (bootstrap_node.js:204:16)
    at bootstrap_node.js:625:3

2019-10-27 03:22:38
Error: Cannot find module 'multi-hashing'
    at Function.Module._resolveFilename (module.js:548:15)
    at Function.Module._load (module.js:475:25)
    at Module.require (module.js:597:17)
    at require (internal/module.js:11:18)
    at Object.<anonymous> (/home/alby/muscle-pool/lib/pool.js:22:17)
    at Module._compile (module.js:653:30)
    at Object.Module._extensions..js (module.js:664:10)
    at Module.load (module.js:566:32)
    at tryModuleLoad (module.js:506:12)
    at Function.Module._load (module.js:498:3)
    at Module.require (module.js:597:17)
    at require (internal/module.js:11:18)
    at Object.<anonymous> (/home/alby/muscle-pool/init.js:29:13)
    at Module._compile (module.js:653:30)
    at Object.Module._extensions..js (module.js:664:10)
    at Module.load (module.js:566:32)
    at tryModuleLoad (module.js:506:12)
    at Function.Module._load (module.js:498:3)
    at Function.Module.runMain (module.js:694:10)
    at startup (bootstrap_node.js:204:16)
    at bootstrap_node.js:625:3

2019-10-27 03:22:38
Error: Cannot find module 'multi-hashing'
    at Function.Module._resolveFilename (module.js:548:15)
    at Function.Module._load (module.js:475:25)
    at Module.require (module.js:597:17)
    at require (internal/module.js:11:18)
    at Object.<anonymous> (/home/alby/muscle-pool/lib/pool.js:22:17)
    at Module._compile (module.js:653:30)
    at Object.Module._extensions..js (module.js:664:10)
    at Module.load (module.js:566:32)
    at tryModuleLoad (module.js:506:12)
    at Function.Module._load (module.js:498:3)
    at Module.require (module.js:597:17)
    at require (internal/module.js:11:18)
    at Object.<anonymous> (/home/alby/muscle-pool/init.js:29:13)
    at Module._compile (module.js:653:30)
    at Object.Module._extensions..js (module.js:664:10)
    at Module.load (module.js:566:32)
    at tryModuleLoad (module.js:506:12)
    at Function.Module._load (module.js:498:3)
    at Function.Module.runMain (module.js:694:10)
    at startup (bootstrap_node.js:204:16)
    at bootstrap_node.js:625:3

2019-10-27 03:22:38
Error: Cannot find module 'multi-hashing'
    at Function.Module._resolveFilename (module.js:548:15)
    at Function.Module._load (module.js:475:25)
    at Module.require (module.js:597:17)
    at require (internal/module.js:11:18)
    at Object.<anonymous> (/home/alby/muscle-pool/lib/pool.js:22:17)
    at Module._compile (module.js:653:30)
    at Object.Module._extensions..js (module.js:664:10)
    at Module.load (module.js:566:32)
    at tryModuleLoad (module.js:506:12)
    at Function.Module._load (module.js:498:3)
    at Module.require (module.js:597:17)
    at require (internal/module.js:11:18)
    at Object.<anonymous> (/home/alby/muscle-pool/init.js:29:13)
    at Module._compile (module.js:653:30)
    at Object.Module._extensions..js (module.js:664:10)
    at Module.load (module.js:566:32)
    at tryModuleLoad (module.js:506:12)
    at Function.Module._load (module.js:498:3)
    at Function.Module.runMain (module.js:694:10)
    at startup (bootstrap_node.js:204:16)
    at bootstrap_node.js:625:3

2019-10-27 03:22:38
Error: Cannot find module 'multi-hashing'
    at Function.Module._resolveFilename (module.js:548:15)
    at Function.Module._load (module.js:475:25)
    at Module.require (module.js:597:17)
    at require (internal/module.js:11:18)
    at Object.<anonymous> (/home/alby/muscle-pool/lib/pool.js:22:17)
    at Module._compile (module.js:653:30)
    at Object.Module._extensions..js (module.js:664:10)
    at Module.load (module.js:566:32)
    at tryModuleLoad (module.js:506:12)
    at Function.Module._load (module.js:498:3)
    at Module.require (module.js:597:17)
    at require (internal/module.js:11:18)
    at Object.<anonymous> (/home/alby/muscle-pool/init.js:29:13)
    at Module._compile (module.js:653:30)
    at Object.Module._extensions..js (module.js:664:10)
    at Module.load (module.js:566:32)
    at tryModuleLoad (module.js:506:12)
    at Function.Module._load (module.js:498:3)
    at Function.Module.runMain (module.js:694:10)
    at startup (bootstrap_node.js:204:16)
    at bootstrap_node.js:625:3

2019-10-27 03:22:38
Error: Cannot find module 'multi-hashing'
    at Function.Module._resolveFilename (module.js:548:15)
    at Function.Module._load (module.js:475:25)
    at Module.require (module.js:597:17)
    at require (internal/module.js:11:18)
    at Object.<anonymous> (/home/alby/muscle-pool/lib/pool.js:22:17)
    at Module._compile (module.js:653:30)
    at Object.Module._extensions..js (module.js:664:10)
    at Module.load (module.js:566:32)
    at tryModuleLoad (module.js:506:12)
    at Function.Module._load (module.js:498:3)
    at Module.require (module.js:597:17)
    at require (internal/module.js:11:18)
    at Object.<anonymous> (/home/alby/muscle-pool/init.js:29:13)
    at Module._compile (module.js:653:30)
    at Object.Module._extensions..js (module.js:664:10)
    at Module.load (module.js:566:32)
    at tryModuleLoad (module.js:506:12)
    at Function.Module._load (module.js:498:3)
    at Function.Module.runMain (module.js:694:10)
    at startup (bootstrap_node.js:204:16)
    at bootstrap_node.js:625:3

2019-10-27 03:22:38
Error: Cannot find module 'multi-hashing'
    at Function.Module._resolveFilename (module.js:548:15)
    at Function.Module._load (module.js:475:25)
    at Module.require (module.js:597:17)
    at require (internal/module.js:11:18)
    at Object.<anonymous> (/home/alby/muscle-pool/lib/pool.js:22:17)
    at Module._compile (module.js:653:30)
    at Object.Module._extensions..js (module.js:664:10)
    at Module.load (module.js:566:32)
    at tryModuleLoad (module.js:506:12)
    at Function.Module._load (module.js:498:3)
    at Module.require (module.js:597:17)
    at require (internal/module.js:11:18)
    at Object.<anonymous> (/home/alby/muscle-pool/init.js:29:13)
    at Module._compile (module.js:653:30)
    at Object.Module._extensions..js (module.js:664:10)
    at Module.load (module.js:566:32)
    at tryModuleLoad (module.js:506:12)
    at Function.Module._load (module.js:498:3)
    at Function.Module.runMain (module.js:694:10)
    at startup (bootstrap_node.js:204:16)
    at bootstrap_node.js:625:3

2019-10-27 07:18:32
Error: The module '/home/alby/pool/node_modules/turtlecoin-cryptonote-util/build/Release/cryptonote.node'
was compiled against a different Node.js version using
NODE_MODULE_VERSION 57. This version of Node.js requires
NODE_MODULE_VERSION 79. Please try re-compiling or re-installing
the module (for instance, using `npm rebuild` or `npm install`).
    at Object.Module._extensions..node (internal/modules/cjs/loader.js:1041:18)
    at Module.load (internal/modules/cjs/loader.js:822:32)
    at Function.Module._load (internal/modules/cjs/loader.js:730:14)
    at Module.require (internal/modules/cjs/loader.js:864:19)
    at require (internal/modules/cjs/helpers.js:74:18)
    at bindings (/home/alby/pool/node_modules/bindings/bindings.js:84:48)
    at Object.<anonymous> (/home/alby/pool/node_modules/turtlecoin-cryptonote-util/index.js:1:37)
    at Module._compile (internal/modules/cjs/loader.js:971:30)
    at Object.Module._extensions..js (internal/modules/cjs/loader.js:1011:10)
    at Module.load (internal/modules/cjs/loader.js:822:32)
    at Function.Module._load (internal/modules/cjs/loader.js:730:14)
    at Module.require (internal/modules/cjs/loader.js:864:19)
    at require (internal/modules/cjs/helpers.js:74:18)
    at Object.<anonymous> (/home/alby/pool/lib/utils.js:14:14)
    at Module._compile (internal/modules/cjs/loader.js:971:30)
    at Object.Module._extensions..js (internal/modules/cjs/loader.js:1011:10)
    at Module.load (internal/modules/cjs/loader.js:822:32)
    at Function.Module._load (internal/modules/cjs/loader.js:730:14)
    at Module.require (internal/modules/cjs/loader.js:864:19)
    at require (internal/modules/cjs/helpers.js:74:18)
    at Object.<anonymous> (/home/alby/pool/lib/notifications.js:16:13)
    at Module._compile (internal/modules/cjs/loader.js:971:30)

2019-10-27 07:18:32
Error: The module '/home/alby/pool/node_modules/turtlecoin-cryptonote-util/build/Release/cryptonote.node'
was compiled against a different Node.js version using
NODE_MODULE_VERSION 57. This version of Node.js requires
NODE_MODULE_VERSION 79. Please try re-compiling or re-installing
the module (for instance, using `npm rebuild` or `npm install`).
    at Object.Module._extensions..node (internal/modules/cjs/loader.js:1041:18)
    at Module.load (internal/modules/cjs/loader.js:822:32)
    at Function.Module._load (internal/modules/cjs/loader.js:730:14)
    at Module.require (internal/modules/cjs/loader.js:864:19)
    at require (internal/modules/cjs/helpers.js:74:18)
    at bindings (/home/alby/pool/node_modules/bindings/bindings.js:84:48)
    at Object.<anonymous> (/home/alby/pool/node_modules/turtlecoin-cryptonote-util/index.js:1:37)
    at Module._compile (internal/modules/cjs/loader.js:971:30)
    at Object.Module._extensions..js (internal/modules/cjs/loader.js:1011:10)
    at Module.load (internal/modules/cjs/loader.js:822:32)
    at Function.Module._load (internal/modules/cjs/loader.js:730:14)
    at Module.require (internal/modules/cjs/loader.js:864:19)
    at require (internal/modules/cjs/helpers.js:74:18)
    at Object.<anonymous> (/home/alby/pool/lib/utils.js:14:14)
    at Module._compile (internal/modules/cjs/loader.js:971:30)
    at Object.Module._extensions..js (internal/modules/cjs/loader.js:1011:10)
    at Module.load (internal/modules/cjs/loader.js:822:32)
    at Function.Module._load (internal/modules/cjs/loader.js:730:14)
    at Module.require (internal/modules/cjs/loader.js:864:19)
    at require (internal/modules/cjs/helpers.js:74:18)
    at Object.<anonymous> (/home/alby/pool/lib/notifications.js:16:13)
    at Module._compile (internal/modules/cjs/loader.js:971:30)

2019-10-27 07:18:32
Error: The module '/home/alby/pool/node_modules/turtlecoin-cryptonote-util/build/Release/cryptonote.node'
was compiled against a different Node.js version using
NODE_MODULE_VERSION 57. This version of Node.js requires
NODE_MODULE_VERSION 79. Please try re-compiling or re-installing
the module (for instance, using `npm rebuild` or `npm install`).
    at Object.Module._extensions..node (internal/modules/cjs/loader.js:1041:18)
    at Module.load (internal/modules/cjs/loader.js:822:32)
    at Function.Module._load (internal/modules/cjs/loader.js:730:14)
    at Module.require (internal/modules/cjs/loader.js:864:19)
    at require (internal/modules/cjs/helpers.js:74:18)
    at bindings (/home/alby/pool/node_modules/bindings/bindings.js:84:48)
    at Object.<anonymous> (/home/alby/pool/node_modules/turtlecoin-cryptonote-util/index.js:1:37)
    at Module._compile (internal/modules/cjs/loader.js:971:30)
    at Object.Module._extensions..js (internal/modules/cjs/loader.js:1011:10)
    at Module.load (internal/modules/cjs/loader.js:822:32)
    at Function.Module._load (internal/modules/cjs/loader.js:730:14)
    at Module.require (internal/modules/cjs/loader.js:864:19)
    at require (internal/modules/cjs/helpers.js:74:18)
    at Object.<anonymous> (/home/alby/pool/lib/utils.js:14:14)
    at Module._compile (internal/modules/cjs/loader.js:971:30)
    at Object.Module._extensions..js (internal/modules/cjs/loader.js:1011:10)
    at Module.load (internal/modules/cjs/loader.js:822:32)
    at Function.Module._load (internal/modules/cjs/loader.js:730:14)
    at Module.require (internal/modules/cjs/loader.js:864:19)
    at require (internal/modules/cjs/helpers.js:74:18)
    at Object.<anonymous> (/home/alby/pool/lib/notifications.js:16:13)
    at Module._compile (internal/modules/cjs/loader.js:971:30)

